[0.025s] Invoking command in '/home/cliff/dev_ws/build/articubot_one': CMAKE_PREFIX_PATH=/opt/ros/foxy /usr/bin/cmake /home/cliff/dev_ws/src/articubot_one -DAMENT_CMAKE_SYMLINK_INSTALL=1 -DCMAKE_INSTALL_PREFIX=/home/cliff/dev_ws/install/articubot_one
[0.192s] -- The C compiler identification is GNU 9.4.0
[0.193s] -- The CXX compiler identification is GNU 9.4.0
[0.193s] -- Check for working C compiler: /usr/bin/cc
[0.193s] -- Check for working C compiler: /usr/bin/cc -- works
[0.193s] -- Detecting C compiler ABI info
[0.203s] -- Detecting C compiler ABI info - done
[0.211s] -- Detecting C compile features
[0.212s] -- Detecting C compile features - done
[0.213s] -- Check for working CXX compiler: /usr/bin/c++
[0.266s] -- Check for working CXX compiler: /usr/bin/c++ -- works
[0.267s] -- Detecting CXX compiler ABI info
[0.321s] -- Detecting CXX compiler ABI info - done
[0.330s] -- Detecting CXX compile features
[0.331s] -- Detecting CXX compile features - done
[0.332s] -- Found ament_cmake: 0.9.12 (/opt/ros/foxy/share/ament_cmake/cmake)
[0.350s] -- Found PythonInterp: /usr/bin/python3 (found suitable version "3.8.10", minimum required is "3") 
[0.350s] -- Using PYTHON_EXECUTABLE: /usr/bin/python3
[0.473s] -- Override CMake install command with custom implementation using symlinks instead of copying resources
[0.497s] -- Found ament_lint_auto: 0.9.8 (/opt/ros/foxy/share/ament_lint_auto/cmake)
[0.555s] -- Added test 'copyright' to check source files copyright and LICENSE
[0.557s] -- Added test 'flake8' to check Python code syntax and style conventions
[0.558s] -- Added test 'lint_cmake' to check CMake code style
[0.558s] -- Added test 'pep257' to check Python code against some of the style conventions in PEP 257
[0.559s] -- Added test 'xmllint' to check XML markup files
[0.561s] -- Configuring done
[0.562s] -- Generating done
[0.562s] -- Build files have been written to: /home/cliff/dev_ws/build/articubot_one
[0.565s] Invoked command in '/home/cliff/dev_ws/build/articubot_one' returned '0': CMAKE_PREFIX_PATH=/opt/ros/foxy /usr/bin/cmake /home/cliff/dev_ws/src/articubot_one -DAMENT_CMAKE_SYMLINK_INSTALL=1 -DCMAKE_INSTALL_PREFIX=/home/cliff/dev_ws/install/articubot_one
[0.568s] Invoking command in '/home/cliff/dev_ws/build/articubot_one': CMAKE_PREFIX_PATH=/opt/ros/foxy /usr/bin/cmake --build /home/cliff/dev_ws/build/articubot_one -- -j16 -l16
[0.595s] Invoked command in '/home/cliff/dev_ws/build/articubot_one' returned '0': CMAKE_PREFIX_PATH=/opt/ros/foxy /usr/bin/cmake --build /home/cliff/dev_ws/build/articubot_one -- -j16 -l16
[0.618s] Invoking command in '/home/cliff/dev_ws/build/articubot_one': CMAKE_PREFIX_PATH=/opt/ros/foxy /usr/bin/cmake --install /home/cliff/dev_ws/build/articubot_one
[0.623s] -- Install configuration: ""
[0.623s] -- Execute custom install script
[0.624s] -- Symlinking: /home/cliff/dev_ws/install/articubot_one/share/articubot_one/config/ball_tracker_params_robot.yaml
[0.630s] -- Symlinking: /home/cliff/dev_ws/install/articubot_one/share/articubot_one/config/ball_tracker_params_sim.yaml
[0.636s] -- Symlinking: /home/cliff/dev_ws/install/articubot_one/share/articubot_one/config/drive_bot.rviz
[0.642s] -- Symlinking: /home/cliff/dev_ws/install/articubot_one/share/articubot_one/config/empty.yaml
[0.649s] -- Symlinking: /home/cliff/dev_ws/install/articubot_one/share/articubot_one/config/gaz_ros2_ctl_use_sim.yaml
[0.654s] -- Symlinking: /home/cliff/dev_ws/install/articubot_one/share/articubot_one/config/gazebo_params.yaml
[0.660s] -- Symlinking: /home/cliff/dev_ws/install/articubot_one/share/articubot_one/config/joystick.yaml
[0.665s] -- Symlinking: /home/cliff/dev_ws/install/articubot_one/share/articubot_one/config/main.rviz
[0.671s] -- Symlinking: /home/cliff/dev_ws/install/articubot_one/share/articubot_one/config/map.rviz
[0.678s] -- Symlinking: /home/cliff/dev_ws/install/articubot_one/share/articubot_one/config/mapper_params_online_async.yaml
[0.684s] -- Symlinking: /home/cliff/dev_ws/install/articubot_one/share/articubot_one/config/my_controllers.yaml
[0.689s] -- Symlinking: /home/cliff/dev_ws/install/articubot_one/share/articubot_one/config/nav2_params.yaml
[0.695s] -- Symlinking: /home/cliff/dev_ws/install/articubot_one/share/articubot_one/config/twist_mux.yaml
[0.701s] -- Symlinking: /home/cliff/dev_ws/install/articubot_one/share/articubot_one/config/view_bot.rviz
[0.707s] -- Symlinking: /home/cliff/dev_ws/install/articubot_one/share/articubot_one/description/camera.xacro
[0.713s] -- Symlinking: /home/cliff/dev_ws/install/articubot_one/share/articubot_one/description/depth_camera.xacro
[0.719s] -- Symlinking: /home/cliff/dev_ws/install/articubot_one/share/articubot_one/description/face.xacro
[0.725s] -- Symlinking: /home/cliff/dev_ws/install/articubot_one/share/articubot_one/description/gazebo_control.xacro
[0.731s] -- Symlinking: /home/cliff/dev_ws/install/articubot_one/share/articubot_one/description/inertial_macros.xacro
[0.737s] -- Symlinking: /home/cliff/dev_ws/install/articubot_one/share/articubot_one/description/lidar.xacro
[0.743s] -- Symlinking: /home/cliff/dev_ws/install/articubot_one/share/articubot_one/description/robot.urdf.xacro
[0.750s] -- Symlinking: /home/cliff/dev_ws/install/articubot_one/share/articubot_one/description/robot_core.xacro
[0.755s] -- Symlinking: /home/cliff/dev_ws/install/articubot_one/share/articubot_one/description/ros2_control.xacro
[0.762s] -- Symlinking: /home/cliff/dev_ws/install/articubot_one/share/articubot_one/launch/ball_tracker.launch.py
[0.768s] -- Symlinking: /home/cliff/dev_ws/install/articubot_one/share/articubot_one/launch/camera.launch.py
[0.775s] -- Symlinking: /home/cliff/dev_ws/install/articubot_one/share/articubot_one/launch/joystick.launch.py
[0.781s] -- Symlinking: /home/cliff/dev_ws/install/articubot_one/share/articubot_one/launch/launch_robot.launch.py
[0.787s] -- Symlinking: /home/cliff/dev_ws/install/articubot_one/share/articubot_one/launch/launch_sim.launch.py
[0.796s] -- Symlinking: /home/cliff/dev_ws/install/articubot_one/share/articubot_one/launch/localization_launch.py
[0.801s] -- Symlinking: /home/cliff/dev_ws/install/articubot_one/share/articubot_one/launch/navigation_launch.py
[0.808s] -- Symlinking: /home/cliff/dev_ws/install/articubot_one/share/articubot_one/launch/online_async_launch.py
[0.813s] -- Symlinking: /home/cliff/dev_ws/install/articubot_one/share/articubot_one/launch/rplidar.launch.py
[0.819s] -- Symlinking: /home/cliff/dev_ws/install/articubot_one/share/articubot_one/launch/rsp.launch.py
[0.826s] -- Symlinking: /home/cliff/dev_ws/install/articubot_one/share/articubot_one/worlds/empty.world
[0.833s] -- Symlinking: /home/cliff/dev_ws/install/articubot_one/share/articubot_one/worlds/obstacles.world
[0.840s] -- Symlinking: /home/cliff/dev_ws/install/articubot_one/share/ament_index/resource_index/package_run_dependencies/articubot_one
[0.848s] -- Symlinking: /home/cliff/dev_ws/install/articubot_one/share/ament_index/resource_index/parent_prefix_path/articubot_one
[0.855s] -- Symlinking: /home/cliff/dev_ws/install/articubot_one/share/articubot_one/environment/ament_prefix_path.sh
[0.862s] -- Symlinking: /home/cliff/dev_ws/install/articubot_one/share/articubot_one/environment/ament_prefix_path.dsv
[0.870s] -- Symlinking: /home/cliff/dev_ws/install/articubot_one/share/articubot_one/environment/path.sh
[0.876s] -- Symlinking: /home/cliff/dev_ws/install/articubot_one/share/articubot_one/environment/path.dsv
[0.883s] -- Symlinking: /home/cliff/dev_ws/install/articubot_one/share/articubot_one/local_setup.bash
[0.889s] -- Symlinking: /home/cliff/dev_ws/install/articubot_one/share/articubot_one/local_setup.sh
[0.896s] -- Symlinking: /home/cliff/dev_ws/install/articubot_one/share/articubot_one/local_setup.zsh
[0.904s] -- Symlinking: /home/cliff/dev_ws/install/articubot_one/share/articubot_one/local_setup.dsv
[0.911s] -- Symlinking: /home/cliff/dev_ws/install/articubot_one/share/articubot_one/package.dsv
[0.918s] -- Symlinking: /home/cliff/dev_ws/install/articubot_one/share/ament_index/resource_index/packages/articubot_one
[0.925s] -- Symlinking: /home/cliff/dev_ws/install/articubot_one/share/articubot_one/cmake/articubot_oneConfig.cmake
[0.931s] -- Symlinking: /home/cliff/dev_ws/install/articubot_one/share/articubot_one/cmake/articubot_oneConfig-version.cmake
[0.937s] -- Symlinking: /home/cliff/dev_ws/install/articubot_one/share/articubot_one/package.xml
[0.948s] Invoked command in '/home/cliff/dev_ws/build/articubot_one' returned '0': CMAKE_PREFIX_PATH=/opt/ros/foxy /usr/bin/cmake --install /home/cliff/dev_ws/build/articubot_one
