[0.033s] Invoking command in '/home/cliff/dev_ws/build/gazebo_ros2_control': CMAKE_PREFIX_PATH=/opt/ros/foxy /usr/bin/cmake /home/cliff/dev_ws/src/gazebo_ros2_control/gazebo_ros2_control -DAMENT_CMAKE_SYMLINK_INSTALL=1 -DCMAKE_INSTALL_PREFIX=/home/cliff/dev_ws/install/gazebo_ros2_control
[0.209s] -- The C compiler identification is GNU 9.4.0
[0.209s] -- The CXX compiler identification is GNU 9.4.0
[0.209s] -- Check for working C compiler: /usr/bin/cc
[0.209s] -- Check for working C compiler: /usr/bin/cc -- works
[0.209s] -- Detecting C compiler ABI info
[0.223s] -- Detecting C compiler ABI info - done
[0.230s] -- Detecting C compile features
[0.231s] -- Detecting C compile features - done
[0.233s] -- Check for working CXX compiler: /usr/bin/c++
[0.286s] -- Check for working CXX compiler: /usr/bin/c++ -- works
[0.286s] -- Detecting CXX compiler ABI info
[0.340s] -- Detecting CXX compiler ABI info - done
[0.349s] -- Detecting CXX compile features
[0.350s] -- Detecting CXX compile features - done
[0.351s] -- Found ament_cmake: 0.9.12 (/opt/ros/foxy/share/ament_cmake/cmake)
[0.369s] -- Found PythonInterp: /usr/bin/python3 (found suitable version "3.8.10", minimum required is "3") 
[0.369s] -- Using PYTHON_EXECUTABLE: /usr/bin/python3
[0.492s] -- Override CMake install command with custom implementation using symlinks instead of copying resources
[0.512s] -- Found angles: 1.12.6 (/opt/ros/foxy/share/angles/cmake)
[0.515s] -- Found controller_manager: 0.11.0 (/opt/ros/foxy/share/controller_manager/cmake)
[0.574s] -- Using all available rosidl_typesupport_c: rosidl_typesupport_fastrtps_c;rosidl_typesupport_introspection_c
[0.588s] -- Found rosidl_adapter: 1.3.1 (/opt/ros/foxy/share/rosidl_adapter/cmake)
[0.666s] -- Found OpenSSL: /usr/lib/x86_64-linux-gnu/libcrypto.so (found version "1.1.1f")  
[0.692s] -- Found FastRTPS: /opt/ros/foxy/include  
[0.770s] -- Using all available rosidl_typesupport_cpp: rosidl_typesupport_fastrtps_cpp;rosidl_typesupport_introspection_cpp
[1.539s] -- Found rmw_implementation_cmake: 1.0.4 (/opt/ros/foxy/share/rmw_implementation_cmake/cmake)
[1.543s] -- Using RMW implementation 'rmw_fastrtps_cpp' as default
[1.543s] -- Looking for pthread.h
[1.598s] -- Looking for pthread.h - found
[1.598s] -- Performing Test CMAKE_HAVE_LIBC_PTHREAD
[1.659s] -- Performing Test CMAKE_HAVE_LIBC_PTHREAD - Failed
[1.660s] -- Looking for pthread_create in pthreads
[1.708s] -- Looking for pthread_create in pthreads - not found
[1.708s] -- Looking for pthread_create in pthread
[1.763s] -- Looking for pthread_create in pthread - found
[1.763s] -- Found Threads: TRUE  
[2.180s] -- Found gazebo_dev: 3.5.3 (/opt/ros/foxy/share/gazebo_dev/cmake)
[2.187s] -- Found PkgConfig: /usr/bin/pkg-config (found version "0.29.1") 
[2.189s] -- Checking for module 'bullet>=2.82'
[2.201s] --   Found bullet, version 2.88
[2.293s] -- Found ccd: /usr/include (found suitable version "2.0", minimum required is "2.0") 
[2.331s] -- Found fcl: /usr/include (found suitable version "0.5.0", minimum required is "0.3.2") 
[2.371s] -- Found assimp: /usr/include (found version "5.0.0") 
[2.396s] -- Found DART: /usr/include (Required is at least version "6.6") found components: dart 
[2.422s] -- Found Boost: /usr/lib/x86_64-linux-gnu/cmake/Boost-1.71.0/BoostConfig.cmake (found suitable version "1.71.0", minimum required is "1.40.0") found components: thread system filesystem program_options regex iostreams date_time 
[2.451s] -- Found Protobuf: /usr/lib/x86_64-linux-gnu/libprotobuf.so;-lpthread (found version "3.6.1") 
[2.458s] -- Looking for ignition-math6 -- found version 6.13.0
[2.469s] -- Searching for dependencies of ignition-math6
[2.472s] -- Looking for OGRE...
[2.472s] -- OGRE_PREFIX_WATCH changed.
[2.476s] -- Checking for module 'OGRE'
[2.486s] --   Found OGRE, version 1.9.0
[2.511s] -- Found Ogre Ghadamon (1.9.0)
[2.518s] -- Found OGRE: optimized;/usr/lib/x86_64-linux-gnu/libOgreMain.so;debug;/usr/lib/x86_64-linux-gnu/libOgreMain.so
[2.525s] -- Looking for OGRE_Paging...
[2.530s] -- Found OGRE_Paging: optimized;/usr/lib/x86_64-linux-gnu/libOgrePaging.so;debug;/usr/lib/x86_64-linux-gnu/libOgrePaging.so
[2.531s] -- Looking for OGRE_Terrain...
[2.535s] -- Found OGRE_Terrain: optimized;/usr/lib/x86_64-linux-gnu/libOgreTerrain.so;debug;/usr/lib/x86_64-linux-gnu/libOgreTerrain.so
[2.535s] -- Looking for OGRE_Property...
[2.540s] -- Found OGRE_Property: optimized;/usr/lib/x86_64-linux-gnu/libOgreProperty.so;debug;/usr/lib/x86_64-linux-gnu/libOgreProperty.so
[2.540s] -- Looking for OGRE_RTShaderSystem...
[2.544s] -- Found OGRE_RTShaderSystem: optimized;/usr/lib/x86_64-linux-gnu/libOgreRTShaderSystem.so;debug;/usr/lib/x86_64-linux-gnu/libOgreRTShaderSystem.so
[2.545s] -- Looking for OGRE_Volume...
[2.549s] -- Found OGRE_Volume: optimized;/usr/lib/x86_64-linux-gnu/libOgreVolume.so;debug;/usr/lib/x86_64-linux-gnu/libOgreVolume.so
[2.549s] -- Looking for OGRE_Overlay...
[2.554s] -- Found OGRE_Overlay: optimized;/usr/lib/x86_64-linux-gnu/libOgreOverlay.so;debug;/usr/lib/x86_64-linux-gnu/libOgreOverlay.so
[2.640s] -- Looking for ignition-math6 -- found version 6.13.0
[2.643s] -- Looking for ignition-transport8 -- found version 8.3.0
[2.644s] -- Searching for dependencies of ignition-transport8
[2.658s] -- Found Protobuf: /usr/lib/x86_64-linux-gnu/libprotobuf.so;-lpthread (found suitable version "3.6.1", minimum required is "3") 
[2.666s] -- Config-file not installed for ZeroMQ -- checking for pkg-config
[2.670s] -- Checking for module 'libzmq >= 4'
[2.683s] --   Found libzmq , version 4.3.2
[2.708s] -- Found ZeroMQ: TRUE (Required is at least version "4") 
[2.713s] -- Checking for module 'uuid'
[2.723s] --   Found uuid, version 2.34.0
[2.747s] -- Found UUID: TRUE  
[2.749s] -- Looking for ignition-msgs5 -- found version 5.10.0
[2.750s] -- Searching for dependencies of ignition-msgs5
[2.765s] -- Looking for ignition-math6 -- found version 6.13.0
[2.769s] -- Checking for module 'tinyxml2'
[2.780s] --   Found tinyxml2, version 6.2.0
[2.808s] -- Looking for ignition-msgs5 -- found version 5.10.0
[2.812s] -- Looking for ignition-common3 -- found version 3.14.2
[2.812s] -- Searching for dependencies of ignition-common3
[2.813s] -- Looking for dlfcn.h - found
[2.814s] -- Looking for libdl - found
[2.815s] -- Found DL: TRUE  
[2.822s] -- Searching for <ignition-common3> component [graphics]
[2.825s] -- Looking for ignition-common3-graphics -- found version 3.14.2
[2.825s] -- Searching for dependencies of ignition-common3-graphics
[2.825s] -- Looking for ignition-math6 -- found version 6.13.0
[2.829s] -- Looking for ignition-fuel_tools4 -- found version 4.6.0
[2.830s] -- Searching for dependencies of ignition-fuel_tools4
[2.884s] -- Found CURL: /usr/lib/x86_64-linux-gnu/libcurl.so (found version "7.68.0")  
[2.891s] -- Checking for module 'jsoncpp'
[2.901s] --   Found jsoncpp, version 1.7.4
[2.927s] -- Found JSONCPP: TRUE  
[2.933s] -- Checking for module 'libzip'
[2.944s] --   Found libzip, version 1.5.1
[2.970s] -- Found ZIP: TRUE  
[2.970s] -- Looking for ignition-common3 -- found version 3.14.2
[2.970s] -- Looking for ignition-math6 -- found version 6.13.0
[2.971s] -- Looking for ignition-msgs5 -- found version 5.10.0
[2.972s] -- Gazebo version: 11.11
[2.974s] -- Found gazebo_ros: 3.5.3 (/opt/ros/foxy/share/gazebo_ros/cmake)
[2.984s] -- Found yaml_cpp_vendor: 7.0.3 (/opt/ros/foxy/share/yaml_cpp_vendor/cmake)
[2.984s] -- Setting yaml-cpp_DIR to: '/opt/ros/foxy/share/yaml_cpp_vendor/cmake/../../../opt/yaml_cpp_vendor/lib/cmake/yaml-cpp'
[3.116s] -- Found ament_cmake_gtest: 0.9.12 (/opt/ros/foxy/share/ament_cmake_gtest/cmake)
[3.117s] -- Found ament_lint_auto: 0.9.8 (/opt/ros/foxy/share/ament_lint_auto/cmake)
[3.246s] -- Added test 'copyright' to check source files copyright and LICENSE
[3.249s] -- Added test 'cppcheck' to perform static code analysis on C / C++ code
[3.250s] -- Configured cppcheck include dirs: /home/cliff/dev_ws/src/gazebo_ros2_control/gazebo_ros2_control/include
[3.251s] -- Configured cppcheck exclude dirs and/or files: 
[3.251s] -- Added test 'cpplint' to check C / C++ code against the Google style
[3.251s] -- Configured cpplint exclude dirs and/or files: 
[3.252s] -- Added test 'lint_cmake' to check CMake code style
[3.252s] -- Added test 'uncrustify' to check C / C++ code style
[3.252s] -- Configured uncrustify additional arguments: 
[3.253s] -- Added test 'xmllint' to check XML markup files
[3.256s] -- Configuring done
[4.357s] -- Generating done
[4.654s] -- Build files have been written to: /home/cliff/dev_ws/build/gazebo_ros2_control
[4.655s] Invoked command in '/home/cliff/dev_ws/build/gazebo_ros2_control' returned '0': CMAKE_PREFIX_PATH=/opt/ros/foxy /usr/bin/cmake /home/cliff/dev_ws/src/gazebo_ros2_control/gazebo_ros2_control -DAMENT_CMAKE_SYMLINK_INSTALL=1 -DCMAKE_INSTALL_PREFIX=/home/cliff/dev_ws/install/gazebo_ros2_control
[4.656s] Invoking command in '/home/cliff/dev_ws/build/gazebo_ros2_control': CMAKE_PREFIX_PATH=/opt/ros/foxy /usr/bin/cmake --build /home/cliff/dev_ws/build/gazebo_ros2_control -- -j16 -l16
[4.705s] [35m[1mScanning dependencies of target gazebo_hardware_plugins[0m
[4.705s] [35m[1mScanning dependencies of target gazebo_ros2_control[0m
[8.174s] [ 25%] [32mBuilding CXX object CMakeFiles/gazebo_ros2_control.dir/src/gazebo_ros2_control_plugin.cpp.o[0m
[8.390s] [ 50%] [32mBuilding CXX object CMakeFiles/gazebo_hardware_plugins.dir/src/gazebo_system.cpp.o[0m
[16.847s] [ 75%] [32m[1mLinking CXX shared library libgazebo_hardware_plugins.so[0m
[17.146s] [ 75%] Built target gazebo_hardware_plugins
[18.201s] [100%] [32m[1mLinking CXX shared library libgazebo_ros2_control.so[0m
[18.564s] [100%] Built target gazebo_ros2_control
[18.580s] Invoked command in '/home/cliff/dev_ws/build/gazebo_ros2_control' returned '0': CMAKE_PREFIX_PATH=/opt/ros/foxy /usr/bin/cmake --build /home/cliff/dev_ws/build/gazebo_ros2_control -- -j16 -l16
[18.617s] Invoking command in '/home/cliff/dev_ws/build/gazebo_ros2_control': CMAKE_PREFIX_PATH=/opt/ros/foxy /usr/bin/cmake --install /home/cliff/dev_ws/build/gazebo_ros2_control
[18.626s] -- Install configuration: ""
[18.626s] -- Execute custom install script
[18.626s] -- Symlinking: /home/cliff/dev_ws/install/gazebo_ros2_control/lib/libgazebo_ros2_control.so
[18.636s] -- Symlinking: /home/cliff/dev_ws/install/gazebo_ros2_control/lib/libgazebo_hardware_plugins.so
[18.641s] -- Symlinking: /home/cliff/dev_ws/install/gazebo_ros2_control/share/gazebo_ros2_control/environment/library_path.sh
[18.645s] -- Symlinking: /home/cliff/dev_ws/install/gazebo_ros2_control/share/gazebo_ros2_control/environment/library_path.dsv
[18.650s] -- Symlinking: /home/cliff/dev_ws/install/gazebo_ros2_control/include/gazebo_ros2_control/gazebo_ros2_control_plugin.hpp
[18.658s] -- Symlinking: /home/cliff/dev_ws/install/gazebo_ros2_control/include/gazebo_ros2_control/gazebo_system.hpp
[18.671s] -- Symlinking: /home/cliff/dev_ws/install/gazebo_ros2_control/include/gazebo_ros2_control/gazebo_system_interface.hpp
[18.676s] -- Symlinking: /home/cliff/dev_ws/install/gazebo_ros2_control/share/gazebo_ros2_control//gazebo_hardware_plugins.xml
[18.680s] -- Symlinking: /home/cliff/dev_ws/install/gazebo_ros2_control/share/ament_index/resource_index/package_run_dependencies/gazebo_ros2_control
[18.685s] -- Symlinking: /home/cliff/dev_ws/install/gazebo_ros2_control/share/ament_index/resource_index/parent_prefix_path/gazebo_ros2_control
[18.690s] -- Symlinking: /home/cliff/dev_ws/install/gazebo_ros2_control/share/gazebo_ros2_control/environment/ament_prefix_path.sh
[18.698s] -- Symlinking: /home/cliff/dev_ws/install/gazebo_ros2_control/share/gazebo_ros2_control/environment/ament_prefix_path.dsv
[18.703s] -- Symlinking: /home/cliff/dev_ws/install/gazebo_ros2_control/share/gazebo_ros2_control/environment/path.sh
[18.714s] -- Symlinking: /home/cliff/dev_ws/install/gazebo_ros2_control/share/gazebo_ros2_control/environment/path.dsv
[18.720s] -- Symlinking: /home/cliff/dev_ws/install/gazebo_ros2_control/share/gazebo_ros2_control/local_setup.bash
[18.729s] -- Symlinking: /home/cliff/dev_ws/install/gazebo_ros2_control/share/gazebo_ros2_control/local_setup.sh
[18.740s] -- Symlinking: /home/cliff/dev_ws/install/gazebo_ros2_control/share/gazebo_ros2_control/local_setup.zsh
[18.744s] -- Symlinking: /home/cliff/dev_ws/install/gazebo_ros2_control/share/gazebo_ros2_control/local_setup.dsv
[18.749s] -- Symlinking: /home/cliff/dev_ws/install/gazebo_ros2_control/share/gazebo_ros2_control/package.dsv
[18.760s] -- Symlinking: /home/cliff/dev_ws/install/gazebo_ros2_control/share/ament_index/resource_index/packages/gazebo_ros2_control
[18.765s] -- Symlinking: /home/cliff/dev_ws/install/gazebo_ros2_control/share/ament_index/resource_index/gazebo_ros2_control__pluginlib__plugin/gazebo_ros2_control
[18.769s] -- Symlinking: /home/cliff/dev_ws/install/gazebo_ros2_control/share/gazebo_ros2_control/cmake/ament_cmake_export_include_directories-extras.cmake
[18.774s] -- Symlinking: /home/cliff/dev_ws/install/gazebo_ros2_control/share/gazebo_ros2_control/cmake/ament_cmake_export_dependencies-extras.cmake
[18.779s] -- Symlinking: /home/cliff/dev_ws/install/gazebo_ros2_control/share/gazebo_ros2_control/cmake/ament_cmake_export_libraries-extras.cmake
[18.783s] -- Symlinking: /home/cliff/dev_ws/install/gazebo_ros2_control/share/gazebo_ros2_control/cmake/gazebo_ros2_controlConfig.cmake
[18.787s] -- Symlinking: /home/cliff/dev_ws/install/gazebo_ros2_control/share/gazebo_ros2_control/cmake/gazebo_ros2_controlConfig-version.cmake
[18.792s] -- Symlinking: /home/cliff/dev_ws/install/gazebo_ros2_control/share/gazebo_ros2_control/package.xml
[18.810s] Invoked command in '/home/cliff/dev_ws/build/gazebo_ros2_control' returned '0': CMAKE_PREFIX_PATH=/opt/ros/foxy /usr/bin/cmake --install /home/cliff/dev_ws/build/gazebo_ros2_control
